This is pdfTeX, Version 3.141592653-2.6-1.40.22 (TeX Live 2021/Arch Linux) (preloaded format=pdflatex 2021.8.22)  22 AUG 2021 16:49
entering extended mode
 restricted \write18 enabled.
 file:line:error style messages enabled.
 %&-line parsing enabled.
**"/home/victorn/Algoritmos com Streams - Projeto 02/q-digest/docs/relatorio/relatorio.tex"
(/home/victorn/Algoritmos com Streams - Projeto 02/q-digest/docs/relatorio/relatorio.tex
LaTeX2e <2020-10-01> patch level 4
L3 programming layer <2021-02-18> (/usr/share/texmf-dist/tex/latex/base/article.cls
Document Class: article 2020/04/10 v1.4m Standard LaTeX document class
(/usr/share/texmf-dist/tex/latex/base/size11.clo
File: size11.clo 2020/04/10 v1.4m Standard LaTeX file (size option)
)
\c@part=\count179
\c@section=\count180
\c@subsection=\count181
\c@subsubsection=\count182
\c@paragraph=\count183
\c@subparagraph=\count184
\c@figure=\count185
\c@table=\count186
\abovecaptionskip=\skip47
\belowcaptionskip=\skip48
\bibindent=\dimen138
) (/usr/share/texmf-dist/tex/latex/hyperref/hyperref.sty
Package: hyperref 2021-02-27 v7.00k Hypertext links for LaTeX
 (/usr/share/texmf-dist/tex/generic/ltxcmds/ltxcmds.sty
Package: ltxcmds 2020-05-10 v1.25 LaTeX kernel commands for general use (HO)
) (/usr/share/texmf-dist/tex/generic/iftex/iftex.sty
Package: iftex 2020/03/06 v1.0d TeX engine tests
) (/usr/share/texmf-dist/tex/generic/pdftexcmds/pdftexcmds.sty
Package: pdftexcmds 2020-06-27 v0.33 Utility functions of pdfTeX for LuaTeX (HO)
 (/usr/share/texmf-dist/tex/generic/infwarerr/infwarerr.sty
Package: infwarerr 2019/12/03 v1.5 Providing info/warning/error messages (HO)
)
Package pdftexcmds Info: \pdf@primitive is available.
Package pdftexcmds Info: \pdf@ifprimitive is available.
Package pdftexcmds Info: \pdfdraftmode found.
) (/usr/share/texmf-dist/tex/latex/graphics/keyval.sty
Package: keyval 2014/10/28 v1.15 key=value parser (DPC)
\KV@toks@=\toks15
) (/usr/share/texmf-dist/tex/generic/kvsetkeys/kvsetkeys.sty
Package: kvsetkeys 2019/12/15 v1.18 Key value parser (HO)
) (/usr/share/texmf-dist/tex/generic/kvdefinekeys/kvdefinekeys.sty
Package: kvdefinekeys 2019-12-19 v1.6 Define keys (HO)
) (/usr/share/texmf-dist/tex/generic/pdfescape/pdfescape.sty
Package: pdfescape 2019/12/09 v1.15 Implements pdfTeX's escape features (HO)
) (/usr/share/texmf-dist/tex/latex/hycolor/hycolor.sty
Package: hycolor 2020-01-27 v1.10 Color options for hyperref/bookmark (HO)
) (/usr/share/texmf-dist/tex/latex/letltxmacro/letltxmacro.sty
Package: letltxmacro 2019/12/03 v1.6 Let assignment for LaTeX macros (HO)
) (/usr/share/texmf-dist/tex/latex/auxhook/auxhook.sty
Package: auxhook 2019-12-17 v1.6 Hooks for auxiliary files (HO)
) (/usr/share/texmf-dist/tex/latex/kvoptions/kvoptions.sty
Package: kvoptions 2020-10-07 v3.14 Key value format for package options (HO)
)
\@linkdim=\dimen139
\Hy@linkcounter=\count187
\Hy@pagecounter=\count188
 (/usr/share/texmf-dist/tex/latex/hyperref/pd1enc.def
File: pd1enc.def 2021-02-27 v7.00k Hyperref: PDFDocEncoding definition (HO)
Now handling font encoding PD1 ...
... no UTF-8 mapping file for font encoding PD1
) (/usr/share/texmf-dist/tex/latex/hyperref/hyperref-langpatches.def
File: hyperref-langpatches.def 2021-02-27 v7.00k Hyperref: patches for babel languages
) (/usr/share/texmf-dist/tex/generic/intcalc/intcalc.sty
Package: intcalc 2019/12/15 v1.3 Expandable calculations with integers (HO)
) (/usr/share/texmf-dist/tex/generic/etexcmds/etexcmds.sty
Package: etexcmds 2019/12/15 v1.7 Avoid name clashes with e-TeX commands (HO)
)
\Hy@SavedSpaceFactor=\count189
 (/usr/share/texmf-dist/tex/latex/hyperref/puenc.def
File: puenc.def 2021-02-27 v7.00k Hyperref: PDF Unicode definition (HO)
Now handling font encoding PU ...
... no UTF-8 mapping file for font encoding PU
)
Package hyperref Info: Hyper figures OFF on input line 4192.
Package hyperref Info: Link nesting OFF on input line 4197.
Package hyperref Info: Hyper index ON on input line 4200.
Package hyperref Info: Plain pages OFF on input line 4207.
Package hyperref Info: Backreferencing OFF on input line 4212.
Package hyperref Info: Implicit mode ON; LaTeX internals redefined.
Package hyperref Info: Bookmarks ON on input line 4445.
\c@Hy@tempcnt=\count190
 (/usr/share/texmf-dist/tex/latex/url/url.sty
\Urlmuskip=\muskip16
Package: url 2013/09/16  ver 3.4  Verb mode for urls, etc.
)
LaTeX Info: Redefining \url on input line 4804.
\XeTeXLinkMargin=\dimen140
 (/usr/share/texmf-dist/tex/generic/bitset/bitset.sty
Package: bitset 2019/12/09 v1.3 Handle bit-vector datatype (HO)
 (/usr/share/texmf-dist/tex/generic/bigintcalc/bigintcalc.sty
Package: bigintcalc 2019/12/15 v1.5 Expandable calculations on big integers (HO)
))
\Fld@menulength=\count191
\Field@Width=\dimen141
\Fld@charsize=\dimen142
Package hyperref Info: Hyper figures OFF on input line 6075.
Package hyperref Info: Link nesting OFF on input line 6080.
Package hyperref Info: Hyper index ON on input line 6083.
Package hyperref Info: backreferencing OFF on input line 6090.
Package hyperref Info: Link coloring OFF on input line 6095.
Package hyperref Info: Link coloring with OCG OFF on input line 6100.
Package hyperref Info: PDF/A mode OFF on input line 6105.
LaTeX Info: Redefining \ref on input line 6145.
LaTeX Info: Redefining \pageref on input line 6149.
 (/usr/share/texmf-dist/tex/latex/base/atbegshi-ltx.sty
Package: atbegshi-ltx 2020/08/17 v1.0a Emulation of the original atbegshi package
with kernel methods
)
\Hy@abspage=\count192
\c@Item=\count193
\c@Hfootnote=\count194
)
Package hyperref Info: Driver (autodetected): hpdftex.
 (/usr/share/texmf-dist/tex/latex/hyperref/hpdftex.def
File: hpdftex.def 2021-02-27 v7.00k Hyperref driver for pdfTeX
 (/usr/share/texmf-dist/tex/latex/base/atveryend-ltx.sty
Package: atveryend-ltx 2020/08/19 v1.0a Emulation of the original atvery package
with kernel methods
)
\Fld@listcount=\count195
\c@bookmark@seq@number=\count196
 (/usr/share/texmf-dist/tex/latex/rerunfilecheck/rerunfilecheck.sty
Package: rerunfilecheck 2019/12/05 v1.9 Rerun checks for auxiliary files (HO)
 (/usr/share/texmf-dist/tex/generic/uniquecounter/uniquecounter.sty
Package: uniquecounter 2019/12/15 v1.4 Provide unlimited unique counter (HO)
)
Package uniquecounter Info: New unique counter `rerunfilecheck' on input line 286.
)
\Hy@SectionHShift=\skip49
) (/usr/share/texmf-dist/tex/generic/babel/babel.sty
Package: babel 2021/03/24 3.56 The Babel package
 (/usr/share/texmf-dist/tex/generic/babel/babel.def
File: babel.def 2021/03/24 3.56 Babel common definitions
\babel@savecnt=\count197
\U@D=\dimen143
\l@babelnohyphens=\language87
 (/usr/share/texmf-dist/tex/generic/babel/txtbabel.def)
\bbl@readstream=\read2
)
\bbl@dirlevel=\count198
 (/usr/share/texmf-dist/tex/generic/babel-portuges/brazilian.ldf
Language: portuges 2021/02/04 v1.2s Portuguese support from the babel system
Package babel Info: \l@brazilian = using hyphenrules for portuguese
(babel)             (\language70) on input line 111.
Package babel Info: Making " an active character on input line 143.
)) (/usr/share/texmf-dist/tex/latex/base/inputenc.sty
Package: inputenc 2020/08/01 v1.3d Input encoding file
\inpenc@prehook=\toks16
\inpenc@posthook=\toks17
) (/usr/share/texmf-dist/tex/latex/base/fontenc.sty
Package: fontenc 2020/08/10 v2.0s Standard LaTeX package
) (/usr/share/texmf-dist/tex/latex/amsmath/amsmath.sty
Package: amsmath 2020/09/23 v2.17i AMS math features
\@mathmargin=\skip50

For additional information on amsmath, use the `?' option.
(/usr/share/texmf-dist/tex/latex/amsmath/amstext.sty
Package: amstext 2000/06/29 v2.01 AMS text
 (/usr/share/texmf-dist/tex/latex/amsmath/amsgen.sty
File: amsgen.sty 1999/11/30 v2.0 generic functions
\@emptytoks=\toks18
\ex@=\dimen144
)) (/usr/share/texmf-dist/tex/latex/amsmath/amsbsy.sty
Package: amsbsy 1999/11/29 v1.2d Bold Symbols
\pmbraise@=\dimen145
) (/usr/share/texmf-dist/tex/latex/amsmath/amsopn.sty
Package: amsopn 2016/03/08 v2.02 operator names
)
\inf@bad=\count199
LaTeX Info: Redefining \frac on input line 234.
\uproot@=\count266
\leftroot@=\count267
LaTeX Info: Redefining \overline on input line 399.
\classnum@=\count268
\DOTSCASE@=\count269
LaTeX Info: Redefining \ldots on input line 496.
LaTeX Info: Redefining \dots on input line 499.
LaTeX Info: Redefining \cdots on input line 620.
\Mathstrutbox@=\box47
\strutbox@=\box48
\big@size=\dimen146
LaTeX Font Info:    Redeclaring font encoding OML on input line 743.
LaTeX Font Info:    Redeclaring font encoding OMS on input line 744.
\macc@depth=\count270
\c@MaxMatrixCols=\count271
\dotsspace@=\muskip17
\c@parentequation=\count272
\dspbrk@lvl=\count273
\tag@help=\toks19
\row@=\count274
\column@=\count275
\maxfields@=\count276
\andhelp@=\toks20
\eqnshift@=\dimen147
\alignsep@=\dimen148
\tagshift@=\dimen149
\tagwidth@=\dimen150
\totwidth@=\dimen151
\lineht@=\dimen152
\@envbody=\toks21
\multlinegap=\skip51
\multlinetaggap=\skip52
\mathdisplay@stack=\toks22
LaTeX Info: Redefining \[ on input line 2923.
LaTeX Info: Redefining \] on input line 2924.
) (/usr/share/texmf-dist/tex/latex/mathtools/mathtools.sty
Package: mathtools 2021/03/18 v1.25 mathematical typesetting tools
 (/usr/share/texmf-dist/tex/latex/tools/calc.sty
Package: calc 2017/05/25 v4.3 Infix arithmetic (KKT,FJ)
\calc@Acount=\count277
\calc@Bcount=\count278
\calc@Adimen=\dimen153
\calc@Bdimen=\dimen154
\calc@Askip=\skip53
\calc@Bskip=\skip54
LaTeX Info: Redefining \setlength on input line 80.
LaTeX Info: Redefining \addtolength on input line 81.
\calc@Ccount=\count279
\calc@Cskip=\skip55
) (/usr/share/texmf-dist/tex/latex/mathtools/mhsetup.sty
Package: mhsetup 2021/03/18 v1.4 programming setup (MH)
)
LaTeX Info: Thecontrolsequence`\('isalreadyrobust on input line 130.
LaTeX Info: Thecontrolsequence`\)'isalreadyrobust on input line 130.
LaTeX Info: Thecontrolsequence`\['isalreadyrobust on input line 130.
LaTeX Info: Thecontrolsequence`\]'isalreadyrobust on input line 130.
\g_MT_multlinerow_int=\count280
\l_MT_multwidth_dim=\dimen155
\origjot=\skip56
\l_MT_shortvdotswithinadjustabove_dim=\dimen156
\l_MT_shortvdotswithinadjustbelow_dim=\dimen157
\l_MT_above_intertext_sep=\dimen158
\l_MT_below_intertext_sep=\dimen159
\l_MT_above_shortintertext_sep=\dimen160
\l_MT_below_shortintertext_sep=\dimen161
\xmathstrut@box=\box49
\xmathstrut@dim=\dimen162
) (/usr/share/texmf-dist/tex/latex/xcolor/xcolor.sty
Package: xcolor 2016/05/11 v2.12 LaTeX color extensions (UK)
 (/usr/share/texmf-dist/tex/latex/graphics-cfg/color.cfg
File: color.cfg 2016/01/02 v1.6 sample color configuration
)
Package xcolor Info: Driver file: pdftex.def on input line 225.
 (/usr/share/texmf-dist/tex/latex/graphics-def/pdftex.def
File: pdftex.def 2020/10/05 v1.2a Graphics/color driver for pdftex
)
Package xcolor Info: Model `cmy' substituted by `cmy0' on input line 1348.
Package xcolor Info: Model `hsb' substituted by `rgb' on input line 1352.
Package xcolor Info: Model `RGB' extended on input line 1364.
Package xcolor Info: Model `HTML' substituted by `rgb' on input line 1366.
Package xcolor Info: Model `Hsb' substituted by `hsb' on input line 1367.
Package xcolor Info: Model `tHsb' substituted by `hsb' on input line 1368.
Package xcolor Info: Model `HSB' substituted by `hsb' on input line 1369.
Package xcolor Info: Model `Gray' substituted by `gray' on input line 1370.
Package xcolor Info: Model `wave' substituted by `hsb' on input line 1371.
) (/usr/share/texmf-dist/tex/latex/appendix/appendix.sty
Package: appendix 2020/02/08 v1.2c extra appendix facilities
\c@@pps=\count281
\c@@ppsavesec=\count282
\c@@ppsaveapp=\count283
) (/usr/share/texmf-dist/tex/latex/float/float.sty
Package: float 2001/11/08 v1.3d Float enhancements (AL)
\c@float@type=\count284
\float@exts=\toks23
\float@box=\box50
\@float@everytoks=\toks24
\@floatcapt=\box51
) (/usr/share/texmf-dist/tex/latex/graphics/graphicx.sty
Package: graphicx 2020/09/09 v1.2b Enhanced LaTeX Graphics (DPC,SPQR)
 (/usr/share/texmf-dist/tex/latex/graphics/graphics.sty
Package: graphics 2020/08/30 v1.4c Standard LaTeX Graphics (DPC,SPQR)
 (/usr/share/texmf-dist/tex/latex/graphics/trig.sty
Package: trig 2016/01/03 v1.10 sin cos tan (DPC)
) (/usr/share/texmf-dist/tex/latex/graphics-cfg/graphics.cfg
File: graphics.cfg 2016/06/04 v1.11 sample graphics configuration
)
Package graphics Info: Driver file: pdftex.def on input line 105.
)
\Gin@req@height=\dimen163
\Gin@req@width=\dimen164
) (/usr/share/texmf-dist/tex/latex/caption/caption.sty
Package: caption 2020/10/26 v3.5g Customizing captions (AR)
 (/usr/share/texmf-dist/tex/latex/caption/caption3.sty
Package: caption3 2020/10/21 v2.2e caption3 kernel (AR)
\captionmargin=\dimen165
\captionmargin@=\dimen166
\captionwidth=\dimen167
\caption@tempdima=\dimen168
\caption@indent=\dimen169
\caption@parindent=\dimen170
\caption@hangindent=\dimen171
Package caption Info: Standard document class detected.
)
\c@caption@flags=\count285
\c@continuedfloat=\count286
Package caption Info: float package is loaded.
Package caption Info: hyperref package is loaded.
) (/usr/share/texmf-dist/tex/latex/caption/subcaption.sty
Package: subcaption 2020/10/07 v1.3j Sub-captions (AR)
\c@subfigure=\count287
\c@subtable=\count288
) (/usr/share/texmf-dist/tex/latex/l3backend/l3backend-pdftex.def
File: l3backend-pdftex.def 2021-03-18 L3 backend support: PDF output (pdfTeX)
\l__color_backend_stack_int=\count289
\l__pdf_internal_box=\box52
) (/home/victorn/Algoritmos com Streams - Projeto 02/q-digest/docs/relatorio/relatorio.aux)
\openout1 = `relatorio.aux'.

LaTeX Font Info:    Checking defaults for OML/cmm/m/it on input line 24.
LaTeX Font Info:    ... okay on input line 24.
LaTeX Font Info:    Checking defaults for OMS/cmsy/m/n on input line 24.
LaTeX Font Info:    ... okay on input line 24.
LaTeX Font Info:    Checking defaults for OT1/cmr/m/n on input line 24.
LaTeX Font Info:    ... okay on input line 24.
LaTeX Font Info:    Checking defaults for T1/cmr/m/n on input line 24.
LaTeX Font Info:    ... okay on input line 24.
LaTeX Font Info:    Checking defaults for TS1/cmr/m/n on input line 24.
LaTeX Font Info:    ... okay on input line 24.
LaTeX Font Info:    Checking defaults for OMX/cmex/m/n on input line 24.
LaTeX Font Info:    ... okay on input line 24.
LaTeX Font Info:    Checking defaults for U/cmr/m/n on input line 24.
LaTeX Font Info:    ... okay on input line 24.
LaTeX Font Info:    Checking defaults for PD1/pdf/m/n on input line 24.
LaTeX Font Info:    ... okay on input line 24.
LaTeX Font Info:    Checking defaults for PU/pdf/m/n on input line 24.
LaTeX Font Info:    ... okay on input line 24.
Package hyperref Info: Link coloring OFF on input line 24.
 (/usr/share/texmf-dist/tex/latex/hyperref/nameref.sty
Package: nameref 2021-04-02 v2.47 Cross-referencing by name of section
 (/usr/share/texmf-dist/tex/latex/refcount/refcount.sty
Package: refcount 2019/12/15 v3.6 Data extraction from label references (HO)
) (/usr/share/texmf-dist/tex/generic/gettitlestring/gettitlestring.sty
Package: gettitlestring 2019/12/15 v1.6 Cleanup title references (HO)
)
\c@section@level=\count290
)
LaTeX Info: Redefining \ref on input line 24.
LaTeX Info: Redefining \pageref on input line 24.
LaTeX Info: Redefining \nameref on input line 24.
 (/home/victorn/Algoritmos com Streams - Projeto 02/q-digest/docs/relatorio/relatorio.out) (/home/victorn/Algoritmos com Streams - Projeto 02/q-digest/docs/relatorio/relatorio.out)
\@outlinefile=\write3
\openout3 = `relatorio.out'.

 (/usr/share/texmf-dist/tex/context/base/mkii/supp-pdf.mkii
[Loading MPS to PDF converter (version 2006.09.02).]
\scratchcounter=\count291
\scratchdimen=\dimen172
\scratchbox=\box53
\nofMPsegments=\count292
\nofMParguments=\count293
\everyMPshowfont=\toks25
\MPscratchCnt=\count294
\MPscratchDim=\dimen173
\MPnumerator=\count295
\makeMPintoPDFobject=\count296
\everyMPtoPDFconversion=\toks26
) (/usr/share/texmf-dist/tex/latex/epstopdf-pkg/epstopdf-base.sty
Package: epstopdf-base 2020-01-24 v2.11 Base part for package epstopdf
Package epstopdf-base Info: Redefining graphics rule for `.eps' on input line 485.
 (/usr/share/texmf-dist/tex/latex/latexconfig/epstopdf-sys.cfg
File: epstopdf-sys.cfg 2010/07/13 v1.3 Configuration of (r)epstopdf for TeX Live
))
Package caption Info: Begin \AtBeginDocument code.
Package caption Info: End \AtBeginDocument code.
 [1

{/var/lib/texmf/fonts/map/pdftex/updmap/pdftex.map}] [2]
Overfull \hbox (0.66pt too wide) in paragraph at lines 72--73
[]\T1/cmr/m/n/10.95 Foi uti-li-zado uma ár-vore bi-ná-ria para im-ple-men-ta-ção do Q-Digest, usando
 []

[3] [4]
Overfull \hbox (2.8849pt too wide) in paragraph at lines 146--147
\T1/cmr/m/n/10.95 nossa im-ple-men-ta-ção uti-li-za-mos o soft-ware \T1/cmr/m/it/10.95 async-profiler[][][] \T1/cmr/m/n/10.95 para re-a-li-zar amos-
 []

[5] [6]
<../../img/QUANTIL_heatmap_ERRO.png, id=62, 433.62pt x 289.08pt>
File: ../../img/QUANTIL_heatmap_ERRO.png Graphic file (type png)
<use ../../img/QUANTIL_heatmap_ERRO.png>
Package pdftex.def Info: ../../img/QUANTIL_heatmap_ERRO.png  used on input line 170.
(pdftex.def)             Requested size: 216.80946pt x 144.53964pt.
<../../img/QUANTIL_heatmap_TAMANHO.png, id=64, 433.62pt x 289.08pt>
File: ../../img/QUANTIL_heatmap_TAMANHO.png Graphic file (type png)
<use ../../img/QUANTIL_heatmap_TAMANHO.png>
Package pdftex.def Info: ../../img/QUANTIL_heatmap_TAMANHO.png  used on input line 177.
(pdftex.def)             Requested size: 161.9989pt x 107.99892pt.
<../../img/QUANTIL_heatmap_TAMANHO_BASELINE.png, id=65, 433.62pt x 289.08pt>
File: ../../img/QUANTIL_heatmap_TAMANHO_BASELINE.png Graphic file (type png)
<use ../../img/QUANTIL_heatmap_TAMANHO_BASELINE.png>
Package pdftex.def Info: ../../img/QUANTIL_heatmap_TAMANHO_BASELINE.png  used on input line 183.
(pdftex.def)             Requested size: 161.9989pt x 107.99892pt.

Overfull \hbox (2.42162pt too wide) in paragraph at lines 175--186
[]$[]$ $[]$ 
 []

<../../img/QUANTIL_heatmap_TEMPO_EXEC_SEG.png, id=66, 433.62pt x 289.08pt>
File: ../../img/QUANTIL_heatmap_TEMPO_EXEC_SEG.png Graphic file (type png)
<use ../../img/QUANTIL_heatmap_TEMPO_EXEC_SEG.png>
Package pdftex.def Info: ../../img/QUANTIL_heatmap_TEMPO_EXEC_SEG.png  used on input line 193.
(pdftex.def)             Requested size: 161.9989pt x 107.99892pt.
<../../img/QUANTIL_heatmap_TEMPO_EXEC_SEG_BASELINE.png, id=67, 433.62pt x 289.08pt>
File: ../../img/QUANTIL_heatmap_TEMPO_EXEC_SEG_BASELINE.png Graphic file (type png)
<use ../../img/QUANTIL_heatmap_TEMPO_EXEC_SEG_BASELINE.png>
Package pdftex.def Info: ../../img/QUANTIL_heatmap_TEMPO_EXEC_SEG_BASELINE.png  used on input line 199.
(pdftex.def)             Requested size: 161.9989pt x 107.99892pt.

Overfull \hbox (2.42162pt too wide) in paragraph at lines 191--202
[]$[]$ $[]$ 
 []

<../../img/QUANTIL_heatmap_TEMPO_UPDATE.png, id=68, 433.62pt x 289.08pt>
File: ../../img/QUANTIL_heatmap_TEMPO_UPDATE.png Graphic file (type png)
<use ../../img/QUANTIL_heatmap_TEMPO_UPDATE.png>
Package pdftex.def Info: ../../img/QUANTIL_heatmap_TEMPO_UPDATE.png  used on input line 209.
(pdftex.def)             Requested size: 161.9989pt x 107.99892pt.
<../../img/QUANTIL_heatmap_TEMPO_IO.png, id=69, 433.62pt x 289.08pt>
File: ../../img/QUANTIL_heatmap_TEMPO_IO.png Graphic file (type png)
<use ../../img/QUANTIL_heatmap_TEMPO_IO.png>
Package pdftex.def Info: ../../img/QUANTIL_heatmap_TEMPO_IO.png  used on input line 215.
(pdftex.def)             Requested size: 161.9989pt x 107.99892pt.

Overfull \hbox (2.42162pt too wide) in paragraph at lines 207--218
[]$[]$ $[]$ 
 []

[7 </home/victorn/Algoritmos com Streams - Projeto 02/q-digest/docs/relatorio/../../img/QUANTIL_heatmap_ERRO.png> </home/victorn/Algoritmos com Streams - Projeto 02/q-digest/docs/relatorio/../../img/QUANTIL_heatmap_TAMANHO.png> </home/victorn/Algoritmos com Streams - Projeto 02/q-digest/docs/relatorio/../../img/QUANTIL_heatmap_TAMANHO_BASELINE.png>]
<../../img/QUANTIL_heatmap_PROC_UPDATE.png, id=82, 433.62pt x 289.08pt>
File: ../../img/QUANTIL_heatmap_PROC_UPDATE.png Graphic file (type png)
<use ../../img/QUANTIL_heatmap_PROC_UPDATE.png>
Package pdftex.def Info: ../../img/QUANTIL_heatmap_PROC_UPDATE.png  used on input line 224.
(pdftex.def)             Requested size: 161.9989pt x 107.99892pt.
<../../img/QUANTIL_heatmap_PROC_JAVAIO.png, id=83, 433.62pt x 289.08pt>
File: ../../img/QUANTIL_heatmap_PROC_JAVAIO.png Graphic file (type png)
<use ../../img/QUANTIL_heatmap_PROC_JAVAIO.png>
Package pdftex.def Info: ../../img/QUANTIL_heatmap_PROC_JAVAIO.png  used on input line 230.
(pdftex.def)             Requested size: 161.9989pt x 107.99892pt.

Overfull \hbox (2.42162pt too wide) in paragraph at lines 222--233
[]$[]$ $[]$ 
 []

[8 </home/victorn/Algoritmos com Streams - Projeto 02/q-digest/docs/relatorio/../../img/QUANTIL_heatmap_TEMPO_EXEC_SEG.png> </home/victorn/Algoritmos com Streams - Projeto 02/q-digest/docs/relatorio/../../img/QUANTIL_heatmap_TEMPO_EXEC_SEG_BASELINE.png> </home/victorn/Algoritmos com Streams - Projeto 02/q-digest/docs/relatorio/../../img/QUANTIL_heatmap_TEMPO_UPDATE.png> </home/victorn/Algoritmos com Streams - Projeto 02/q-digest/docs/relatorio/../../img/QUANTIL_heatmap_TEMPO_IO.png> </home/victorn/Algoritmos com Streams - Projeto 02/q-digest/docs/relatorio/../../img/QUANTIL_heatmap_PROC_UPDATE.png> </home/victorn/Algoritmos com Streams - Projeto 02/q-digest/docs/relatorio/../../img/QUANTIL_heatmap_PROC_JAVAIO.png>]
<../../img/RANK_histograma_RANK_t_0.png, id=97, 593.21625pt x 281.05pt>
File: ../../img/RANK_histograma_RANK_t_0.png Graphic file (type png)
<use ../../img/RANK_histograma_RANK_t_0.png>
Package pdftex.def Info: ../../img/RANK_histograma_RANK_t_0.png  used on input line 245.
(pdftex.def)             Requested size: 161.9989pt x 76.75078pt.
<../../img/RANK_histograma_RANK_t_4.png, id=98, 576.1525pt x 281.05pt>
File: ../../img/RANK_histograma_RANK_t_4.png Graphic file (type png)
<use ../../img/RANK_histograma_RANK_t_4.png>
Package pdftex.def Info: ../../img/RANK_histograma_RANK_t_4.png  used on input line 251.
(pdftex.def)             Requested size: 161.9989pt x 79.02367pt.

Overfull \hbox (2.42162pt too wide) in paragraph at lines 243--254
[]$[]$ $[]$ 
 []

<../../img/QUANTIL_histograma_distrib_QUANTIL_t_0.png, id=99, 1171.37625pt x 281.05pt>
File: ../../img/QUANTIL_histograma_distrib_QUANTIL_t_0.png Graphic file (type png)
<use ../../img/QUANTIL_histograma_distrib_QUANTIL_t_0.png>
Package pdftex.def Info: ../../img/QUANTIL_histograma_distrib_QUANTIL_t_0.png  used on input line 260.
(pdftex.def)             Requested size: 161.9989pt x 38.86641pt.
<../../img/QUANTIL_histograma_distrib_QUANTIL_t_4.png, id=100, 1148.29pt x 281.05pt>
File: ../../img/QUANTIL_histograma_distrib_QUANTIL_t_4.png Graphic file (type png)
<use ../../img/QUANTIL_histograma_distrib_QUANTIL_t_4.png>
Package pdftex.def Info: ../../img/QUANTIL_histograma_distrib_QUANTIL_t_4.png  used on input line 266.
(pdftex.def)             Requested size: 161.9989pt x 39.64691pt.

Overfull \hbox (2.42162pt too wide) in paragraph at lines 258--269
[]$[]$ $[]$ 
 []

<../../img/RANK_erroplot_ecdf_RANK_t_0.png, id=101, 1148.29pt x 281.05pt>
File: ../../img/RANK_erroplot_ecdf_RANK_t_0.png Graphic file (type png)
<use ../../img/RANK_erroplot_ecdf_RANK_t_0.png>
Package pdftex.def Info: ../../img/RANK_erroplot_ecdf_RANK_t_0.png  used on input line 279.
(pdftex.def)             Requested size: 161.9989pt x 39.64691pt.
<../../img/RANK_erroplot_ecdf_RANK_t_4.png, id=102, 1148.29pt x 281.05pt>
File: ../../img/RANK_erroplot_ecdf_RANK_t_4.png Graphic file (type png)
<use ../../img/RANK_erroplot_ecdf_RANK_t_4.png>
Package pdftex.def Info: ../../img/RANK_erroplot_ecdf_RANK_t_4.png  used on input line 285.
(pdftex.def)             Requested size: 161.9989pt x 39.64691pt.

Overfull \hbox (2.42162pt too wide) in paragraph at lines 277--288
[]$[]$ $[]$ 
 []

<../../img/QUANTIL_erroplot_ecdf_QUANTIL_t_0.png, id=103, 1148.29pt x 281.05pt>
File: ../../img/QUANTIL_erroplot_ecdf_QUANTIL_t_0.png Graphic file (type png)
<use ../../img/QUANTIL_erroplot_ecdf_QUANTIL_t_0.png>
Package pdftex.def Info: ../../img/QUANTIL_erroplot_ecdf_QUANTIL_t_0.png  used on input line 294.
(pdftex.def)             Requested size: 161.9989pt x 39.64691pt.
<../../img/QUANTIL_erroplot_ecdf_QUANTIL_t_4.png, id=104, 1148.29pt x 281.05pt>
File: ../../img/QUANTIL_erroplot_ecdf_QUANTIL_t_4.png Graphic file (type png)
<use ../../img/QUANTIL_erroplot_ecdf_QUANTIL_t_4.png>
Package pdftex.def Info: ../../img/QUANTIL_erroplot_ecdf_QUANTIL_t_4.png  used on input line 300.
(pdftex.def)             Requested size: 161.9989pt x 39.64691pt.

Overfull \hbox (2.42162pt too wide) in paragraph at lines 292--303
[]$[]$ $[]$ 
 []

[9 </home/victorn/Algoritmos com Streams - Projeto 02/q-digest/docs/relatorio/../../img/RANK_histograma_RANK_t_0.png> </home/victorn/Algoritmos com Streams - Projeto 02/q-digest/docs/relatorio/../../img/RANK_histograma_RANK_t_4.png> </home/victorn/Algoritmos com Streams - Projeto 02/q-digest/docs/relatorio/../../img/QUANTIL_histograma_distrib_QUANTIL_t_0.png> </home/victorn/Algoritmos com Streams - Projeto 02/q-digest/docs/relatorio/../../img/QUANTIL_histograma_distrib_QUANTIL_t_4.png> </home/victorn/Algoritmos com Streams - Projeto 02/q-digest/docs/relatorio/../../img/RANK_erroplot_ecdf_RANK_t_0.png> </home/victorn/Algoritmos com Streams - Projeto 02/q-digest/docs/relatorio/../../img/RANK_erroplot_ecdf_RANK_t_4.png>]
<../../img/RANK_boxplot_erros.png, id=120, 1440.38126pt x 353.32pt>
File: ../../img/RANK_boxplot_erros.png Graphic file (type png)
<use ../../img/RANK_boxplot_erros.png>
Package pdftex.def Info: ../../img/RANK_boxplot_erros.png  used on input line 314.
(pdftex.def)             Requested size: 161.9989pt x 39.7333pt.
<../../img/QUANTIL_boxplot_erros.png, id=121, 1440.38126pt x 353.32pt>
File: ../../img/QUANTIL_boxplot_erros.png Graphic file (type png)
<use ../../img/QUANTIL_boxplot_erros.png>
Package pdftex.def Info: ../../img/QUANTIL_boxplot_erros.png  used on input line 320.
(pdftex.def)             Requested size: 161.9989pt x 39.7333pt.

Overfull \hbox (2.42162pt too wide) in paragraph at lines 312--323
[]$[]$ $[]$ 
 []

[10 </home/victorn/Algoritmos com Streams - Projeto 02/q-digest/docs/relatorio/../../img/QUANTIL_erroplot_ecdf_QUANTIL_t_0.png> </home/victorn/Algoritmos com Streams - Projeto 02/q-digest/docs/relatorio/../../img/QUANTIL_erroplot_ecdf_QUANTIL_t_4.png> </home/victorn/Algoritmos com Streams - Projeto 02/q-digest/docs/relatorio/../../img/RANK_boxplot_erros.png> </home/victorn/Algoritmos com Streams - Projeto 02/q-digest/docs/relatorio/../../img/QUANTIL_boxplot_erros.png>]
<../../img/qdigest-heatmap_ERRO.png, id=136, 433.62pt x 289.08pt>
File: ../../img/qdigest-heatmap_ERRO.png Graphic file (type png)
<use ../../img/qdigest-heatmap_ERRO.png>
Package pdftex.def Info: ../../img/qdigest-heatmap_ERRO.png  used on input line 376.
(pdftex.def)             Requested size: 216.80946pt x 144.53964pt.
 [11]
<../../img/qdigest-heatmap_MEM.png, id=148, 433.62pt x 289.08pt>
File: ../../img/qdigest-heatmap_MEM.png Graphic file (type png)
<use ../../img/qdigest-heatmap_MEM.png>
Package pdftex.def Info: ../../img/qdigest-heatmap_MEM.png  used on input line 383.
(pdftex.def)             Requested size: 216.80946pt x 144.53964pt.
<../../img/qdigest-heatmap_TEMPO.png, id=149, 433.62pt x 289.08pt>
File: ../../img/qdigest-heatmap_TEMPO.png Graphic file (type png)
<use ../../img/qdigest-heatmap_TEMPO.png>
Package pdftex.def Info: ../../img/qdigest-heatmap_TEMPO.png  used on input line 391.
(pdftex.def)             Requested size: 216.80946pt x 144.53964pt.
 [12 </home/victorn/Algoritmos com Streams - Projeto 02/q-digest/docs/relatorio/../../img/qdigest-heatmap_ERRO.png> </home/victorn/Algoritmos com Streams - Projeto 02/q-digest/docs/relatorio/../../img/qdigest-heatmap_MEM.png>]
<../../img/qdigest-histograma_distrib_RANK_t_0.png, id=158, 1171.37625pt x 281.05pt>
File: ../../img/qdigest-histograma_distrib_RANK_t_0.png Graphic file (type png)
<use ../../img/qdigest-histograma_distrib_RANK_t_0.png>
Package pdftex.def Info: ../../img/qdigest-histograma_distrib_RANK_t_0.png  used on input line 403.
(pdftex.def)             Requested size: 161.9989pt x 38.86641pt.
<../../img/qdigest-histograma_distrib_RANK_t_3.png, id=159, 1154.3125pt x 281.05pt>
File: ../../img/qdigest-histograma_distrib_RANK_t_3.png Graphic file (type png)
<use ../../img/qdigest-histograma_distrib_RANK_t_3.png>
Package pdftex.def Info: ../../img/qdigest-histograma_distrib_RANK_t_3.png  used on input line 409.
(pdftex.def)             Requested size: 161.9989pt x 39.44107pt.

Overfull \hbox (2.42162pt too wide) in paragraph at lines 401--412
[]$[]$ $[]$ 
 []

<../../img/qdigest-histograma_distrib_RANK_t_4.png, id=160, 1165.35374pt x 281.05pt>
File: ../../img/qdigest-histograma_distrib_RANK_t_4.png Graphic file (type png)
<use ../../img/qdigest-histograma_distrib_RANK_t_4.png>
Package pdftex.def Info: ../../img/qdigest-histograma_distrib_RANK_t_4.png  used on input line 418.
(pdftex.def)             Requested size: 161.9989pt x 39.06798pt.
<../../img/qdigest-histograma_distrib_RANK_t_5.png, id=161, 1158.3275pt x 281.05pt>
File: ../../img/qdigest-histograma_distrib_RANK_t_5.png Graphic file (type png)
<use ../../img/qdigest-histograma_distrib_RANK_t_5.png>
Package pdftex.def Info: ../../img/qdigest-histograma_distrib_RANK_t_5.png  used on input line 424.
(pdftex.def)             Requested size: 161.9989pt x 39.30383pt.

Overfull \hbox (2.42162pt too wide) in paragraph at lines 416--427
[]$[]$ $[]$ 
 []

<../../img/qdigest-histograma_distrib_RANK_t_6.png, id=162, 1154.3125pt x 281.05pt>
File: ../../img/qdigest-histograma_distrib_RANK_t_6.png Graphic file (type png)
<use ../../img/qdigest-histograma_distrib_RANK_t_6.png>
Package pdftex.def Info: ../../img/qdigest-histograma_distrib_RANK_t_6.png  used on input line 433.
(pdftex.def)             Requested size: 161.9989pt x 39.44107pt.
<../../img/qdigest-histograma_distrib_RANK_t_7.png, id=163, 1154.3125pt x 281.05pt>
File: ../../img/qdigest-histograma_distrib_RANK_t_7.png Graphic file (type png)
<use ../../img/qdigest-histograma_distrib_RANK_t_7.png>
Package pdftex.def Info: ../../img/qdigest-histograma_distrib_RANK_t_7.png  used on input line 439.
(pdftex.def)             Requested size: 161.9989pt x 39.44107pt.

Overfull \hbox (2.42162pt too wide) in paragraph at lines 431--442
[]$[]$ $[]$ 
 []

[13 </home/victorn/Algoritmos com Streams - Projeto 02/q-digest/docs/relatorio/../../img/qdigest-heatmap_TEMPO.png> </home/victorn/Algoritmos com Streams - Projeto 02/q-digest/docs/relatorio/../../img/qdigest-histograma_distrib_RANK_t_0.png> </home/victorn/Algoritmos com Streams - Projeto 02/q-digest/docs/relatorio/../../img/qdigest-histograma_distrib_RANK_t_3.png> </home/victorn/Algoritmos com Streams - Projeto 02/q-digest/docs/relatorio/../../img/qdigest-histograma_distrib_RANK_t_4.png> </home/victorn/Algoritmos com Streams - Projeto 02/q-digest/docs/relatorio/../../img/qdigest-histograma_distrib_RANK_t_5.png>]
<../../img/qdigest-erroplot_ecdf_RANK_t_0.png, id=178, 1148.29pt x 281.05pt>
File: ../../img/qdigest-erroplot_ecdf_RANK_t_0.png Graphic file (type png)
<use ../../img/qdigest-erroplot_ecdf_RANK_t_0.png>
Package pdftex.def Info: ../../img/qdigest-erroplot_ecdf_RANK_t_0.png  used on input line 452.
(pdftex.def)             Requested size: 161.9989pt x 39.64691pt.
<../../img/qdigest-erroplot_ecdf_RANK_t_3.png, id=179, 1148.29pt x 281.05pt>
File: ../../img/qdigest-erroplot_ecdf_RANK_t_3.png Graphic file (type png)
<use ../../img/qdigest-erroplot_ecdf_RANK_t_3.png>
Package pdftex.def Info: ../../img/qdigest-erroplot_ecdf_RANK_t_3.png  used on input line 458.
(pdftex.def)             Requested size: 161.9989pt x 39.64691pt.

Overfull \hbox (2.42162pt too wide) in paragraph at lines 450--461
[]$[]$ $[]$ 
 []

<../../img/qdigest-erroplot_ecdf_RANK_t_4.png, id=180, 1148.29pt x 281.05pt>
File: ../../img/qdigest-erroplot_ecdf_RANK_t_4.png Graphic file (type png)
<use ../../img/qdigest-erroplot_ecdf_RANK_t_4.png>
Package pdftex.def Info: ../../img/qdigest-erroplot_ecdf_RANK_t_4.png  used on input line 467.
(pdftex.def)             Requested size: 161.9989pt x 39.64691pt.
<../../img/qdigest-erroplot_ecdf_RANK_t_5.png, id=181, 1148.29pt x 281.05pt>
File: ../../img/qdigest-erroplot_ecdf_RANK_t_5.png Graphic file (type png)
<use ../../img/qdigest-erroplot_ecdf_RANK_t_5.png>
Package pdftex.def Info: ../../img/qdigest-erroplot_ecdf_RANK_t_5.png  used on input line 473.
(pdftex.def)             Requested size: 161.9989pt x 39.64691pt.

Overfull \hbox (2.42162pt too wide) in paragraph at lines 465--476
[]$[]$ $[]$ 
 []

<../../img/qdigest-erroplot_ecdf_RANK_t_6.png, id=182, 1148.29pt x 281.05pt>
File: ../../img/qdigest-erroplot_ecdf_RANK_t_6.png Graphic file (type png)
<use ../../img/qdigest-erroplot_ecdf_RANK_t_6.png>
Package pdftex.def Info: ../../img/qdigest-erroplot_ecdf_RANK_t_6.png  used on input line 482.
(pdftex.def)             Requested size: 161.9989pt x 39.64691pt.
<../../img/qdigest-erroplot_ecdf_RANK_t_7.png, id=183, 1148.29pt x 281.05pt>
File: ../../img/qdigest-erroplot_ecdf_RANK_t_7.png Graphic file (type png)
<use ../../img/qdigest-erroplot_ecdf_RANK_t_7.png>
Package pdftex.def Info: ../../img/qdigest-erroplot_ecdf_RANK_t_7.png  used on input line 488.
(pdftex.def)             Requested size: 161.9989pt x 39.64691pt.

Overfull \hbox (2.42162pt too wide) in paragraph at lines 480--491
[]$[]$ $[]$ 
 []

[14 </home/victorn/Algoritmos com Streams - Projeto 02/q-digest/docs/relatorio/../../img/qdigest-histograma_distrib_RANK_t_6.png> </home/victorn/Algoritmos com Streams - Projeto 02/q-digest/docs/relatorio/../../img/qdigest-histograma_distrib_RANK_t_7.png> </home/victorn/Algoritmos com Streams - Projeto 02/q-digest/docs/relatorio/../../img/qdigest-erroplot_ecdf_RANK_t_0.png> </home/victorn/Algoritmos com Streams - Projeto 02/q-digest/docs/relatorio/../../img/qdigest-erroplot_ecdf_RANK_t_3.png> </home/victorn/Algoritmos com Streams - Projeto 02/q-digest/docs/relatorio/../../img/qdigest-erroplot_ecdf_RANK_t_4.png> </home/victorn/Algoritmos com Streams - Projeto 02/q-digest/docs/relatorio/../../img/qdigest-erroplot_ecdf_RANK_t_5.png> </home/victorn/Algoritmos com Streams - Projeto 02/q-digest/docs/relatorio/../../img/qdigest-erroplot_ecdf_RANK_t_6.png> </home/victorn/Algoritmos com Streams - Projeto 02/q-digest/docs/relatorio/../../img/qdigest-erroplot_ecdf_RANK_t_7.png>] (/home/victorn/Algoritmos com Streams - Projeto 02/q-digest/docs/relatorio/relatorio.aux)

LaTeX Warning: Label(s) may have changed. Rerun to get cross-references right.


Package rerunfilecheck Warning: File `relatorio.out' has changed.
(rerunfilecheck)                Rerun to get outlines right
(rerunfilecheck)                or use package `bookmark'.

Package rerunfilecheck Info: Checksums for `relatorio.out':
(rerunfilecheck)             Before: D41D8CD98F00B204E9800998ECF8427E;0
(rerunfilecheck)             After:  24229425E93ABA09917939B037A16FA8;2218.
 ) 
Here is how much of TeX's memory you used:
 12062 strings out of 478994
 186402 string characters out of 5864751
 503991 words of memory out of 5000000
 29285 multiletter control sequences out of 15000+600000
 420313 words of font info for 63 fonts, out of 8000000 for 9000
 1141 hyphenation exceptions out of 8191
 71i,9n,74p,1007b,514s stack positions out of 5000i,500n,10000p,200000b,80000s
{/usr/share/texmf-dist/fonts/enc/dvips/cm-super/cm-super-t1.enc}{/usr/share/texmf-dist/fonts/enc/dvips/cm-super/cm-super-ts1.enc}</usr/share/texmf-dist/fonts/type1/public/amsfonts/cm/cmmi10.pfb></usr/share/texmf-dist/fonts/type1/public/amsfonts/cm/cmr10.pfb></usr/share/texmf-dist/fonts/type1/public/amsfonts/cm/cmsy10.pfb></usr/share/texmf-dist/fonts/type1/public/cm-super/sfbi1095.pfb></usr/share/texmf-dist/fonts/type1/public/cm-super/sfbx1095.pfb></usr/share/texmf-dist/fonts/type1/public/cm-super/sfbx1200.pfb></usr/share/texmf-dist/fonts/type1/public/cm-super/sfbx1440.pfb></usr/share/texmf-dist/fonts/type1/public/cm-super/sfbx1728.pfb></usr/share/texmf-dist/fonts/type1/public/cm-super/sfrm0600.pfb></usr/share/texmf-dist/fonts/type1/public/cm-super/sfrm0800.pfb></usr/share/texmf-dist/fonts/type1/public/cm-super/sfrm0900.pfb></usr/share/texmf-dist/fonts/type1/public/cm-super/sfrm1000.pfb></usr/share/texmf-dist/fonts/type1/public/cm-super/sfrm1095.pfb></usr/share/texmf-dist/fonts/type1/public/cm-super/sfrm1200.pfb></usr/share/texmf-dist/fonts/type1/public/cm-super/sfti1095.pfb>
Output written on "/home/victorn/Algoritmos com Streams - Projeto 02/q-digest/docs/relatorio/relatorio.pdf" (14 pages, 886647 bytes).
PDF statistics:
 268 PDF objects out of 1000 (max. 8388607)
 167 compressed objects within 2 object streams
 66 named destinations out of 1000 (max. 500000)
 171 words of extra memory for PDF output out of 10000 (max. 10000000)

r/share/texmf-dist/fonts/enc/dvips/cm-super/cm-super-ts1.enc}</usr/share/texmf-dist/fonts/type1/public/amsfonts/cm/cmmi10.pfb></usr/share/texmf-dist/fonts/type1/public/amsfonts/cm/cmr10.pfb></usr/share/texmf-dist/fonts/type1/public/amsfonts/cm/cmsy10.pfb></usr/share/texmf-dist/fonts/type1/public/cm-super/sfbi1095.pfb></usr/share/texmf-dist/fonts/type1/public/cm-super/sfbx1095.pfb></usr/share/texmf-dist/fonts/type1/public/cm-super/sfbx1200.pfb></usr/share/texmf-dist/fonts/type1/public/cm-super/sfbx1440.pfb></usr/share/texmf-dist/fonts/type1/public/cm-super/sfbx1728.pfb></usr/share/texmf-dist/fonts/type1/public/cm-super/sfrm0600.pfb></usr/share/texmf-dist/fonts/type1/public/cm-super/sfrm0800.pfb></usr/share/texmf-dist/fonts/type1/public/cm-super/sfrm0900.pfb></usr/share/texmf-dist/fonts/type1/public/cm-super/sfrm1000.pfb></usr/share/texmf-dist/fonts/type1/public/cm-super/sfrm1095.pfb></usr/share/texmf-dist/fonts/type1/public/cm-super/sfrm1200.pfb></usr/share/texmf-dist/fonts/type1/public/cm-super/sfti1095.pfb>
Output written on "/home/victorn/Algoritmos com Streams - Projeto 02/q-digest/docs/relatorio/relatorio.pdf" (14 pages, 887857 bytes).
PDF statistics:
 312 PDF objects out of 1000 (max. 8388607)
 210 compressed objects within 3 object streams
 66 named destinations out of 1000 (max. 500000)
 283 words of extra memory for PDF output out of 10000 (max. 10000000)

